This is pdfTeX, Version 3.14159265-2.6-1.40.18 (MiKTeX 2.9.6500 64-bit) (preloaded format=pdflatex 2018.1.30)  18 SEP 2020 16:09
entering extended mode
**./APH1.tex
(APH1.tex
LaTeX2e <2017-04-15>
Babel <3.15> and hyphenation patterns for 75 language(s) loaded.
("C:\Program Files\MiKTeX 2.9\tex\latex\base\article.cls"
Document Class: article 2014/09/29 v1.4h Standard LaTeX document class
("C:\Program Files\MiKTeX 2.9\tex\latex\base\size10.clo"
File: size10.clo 2014/09/29 v1.4h Standard LaTeX file (size option)
)
\c@part=\count79
\c@section=\count80
\c@subsection=\count81
\c@subsubsection=\count82
\c@paragraph=\count83
\c@subparagraph=\count84
\c@figure=\count85
\c@table=\count86
\abovecaptionskip=\skip41
\belowcaptionskip=\skip42
\bibindent=\dimen102
)
("C:\Program Files\MiKTeX 2.9\tex\latex\base\inputenc.sty"
Package: inputenc 2015/03/17 v1.2c Input encoding file
\inpenc@prehook=\toks14
\inpenc@posthook=\toks15

("C:\Program Files\MiKTeX 2.9\tex\latex\base\utf8.def"
File: utf8.def 2017/01/28 v1.1t UTF-8 support for inputenc
Now handling font encoding OML ...
... no UTF-8 mapping file for font encoding OML
Now handling font encoding T1 ...
... processing UTF-8 mapping file for font encoding T1

("C:\Program Files\MiKTeX 2.9\tex\latex\base\t1enc.dfu"
File: t1enc.dfu 2017/01/28 v1.1t UTF-8 support for inputenc
   defining Unicode char U+00A0 (decimal 160)
   defining Unicode char U+00A1 (decimal 161)
   defining Unicode char U+00A3 (decimal 163)
   defining Unicode char U+00AB (decimal 171)
   defining Unicode char U+00AD (decimal 173)
   defining Unicode char U+00BB (decimal 187)
   defining Unicode char U+00BF (decimal 191)
   defining Unicode char U+00C0 (decimal 192)
   defining Unicode char U+00C1 (decimal 193)
   defining Unicode char U+00C2 (decimal 194)
   defining Unicode char U+00C3 (decimal 195)
   defining Unicode char U+00C4 (decimal 196)
   defining Unicode char U+00C5 (decimal 197)
   defining Unicode char U+00C6 (decimal 198)
   defining Unicode char U+00C7 (decimal 199)
   defining Unicode char U+00C8 (decimal 200)
   defining Unicode char U+00C9 (decimal 201)
   defining Unicode char U+00CA (decimal 202)
   defining Unicode char U+00CB (decimal 203)
   defining Unicode char U+00CC (decimal 204)
   defining Unicode char U+00CD (decimal 205)
   defining Unicode char U+00CE (decimal 206)
   defining Unicode char U+00CF (decimal 207)
   defining Unicode char U+00D0 (decimal 208)
   defining Unicode char U+00D1 (decimal 209)
   defining Unicode char U+00D2 (decimal 210)
   defining Unicode char U+00D3 (decimal 211)
   defining Unicode char U+00D4 (decimal 212)
   defining Unicode char U+00D5 (decimal 213)
   defining Unicode char U+00D6 (decimal 214)
   defining Unicode char U+00D8 (decimal 216)
   defining Unicode char U+00D9 (decimal 217)
   defining Unicode char U+00DA (decimal 218)
   defining Unicode char U+00DB (decimal 219)
   defining Unicode char U+00DC (decimal 220)
   defining Unicode char U+00DD (decimal 221)
   defining Unicode char U+00DE (decimal 222)
   defining Unicode char U+00DF (decimal 223)
   defining Unicode char U+00E0 (decimal 224)
   defining Unicode char U+00E1 (decimal 225)
   defining Unicode char U+00E2 (decimal 226)
   defining Unicode char U+00E3 (decimal 227)
   defining Unicode char U+00E4 (decimal 228)
   defining Unicode char U+00E5 (decimal 229)
   defining Unicode char U+00E6 (decimal 230)
   defining Unicode char U+00E7 (decimal 231)
   defining Unicode char U+00E8 (decimal 232)
   defining Unicode char U+00E9 (decimal 233)
   defining Unicode char U+00EA (decimal 234)
   defining Unicode char U+00EB (decimal 235)
   defining Unicode char U+00EC (decimal 236)
   defining Unicode char U+00ED (decimal 237)
   defining Unicode char U+00EE (decimal 238)
   defining Unicode char U+00EF (decimal 239)
   defining Unicode char U+00F0 (decimal 240)
   defining Unicode char U+00F1 (decimal 241)
   defining Unicode char U+00F2 (decimal 242)
   defining Unicode char U+00F3 (decimal 243)
   defining Unicode char U+00F4 (decimal 244)
   defining Unicode char U+00F5 (decimal 245)
   defining Unicode char U+00F6 (decimal 246)
   defining Unicode char U+00F8 (decimal 248)
   defining Unicode char U+00F9 (decimal 249)
   defining Unicode char U+00FA (decimal 250)
   defining Unicode char U+00FB (decimal 251)
   defining Unicode char U+00FC (decimal 252)
   defining Unicode char U+00FD (decimal 253)
   defining Unicode char U+00FE (decimal 254)
   defining Unicode char U+00FF (decimal 255)
   defining Unicode char U+0100 (decimal 256)
   defining Unicode char U+0101 (decimal 257)
   defining Unicode char U+0102 (decimal 258)
   defining Unicode char U+0103 (decimal 259)
   defining Unicode char U+0104 (decimal 260)
   defining Unicode char U+0105 (decimal 261)
   defining Unicode char U+0106 (decimal 262)
   defining Unicode char U+0107 (decimal 263)
   defining Unicode char U+0108 (decimal 264)
   defining Unicode char U+0109 (decimal 265)
   defining Unicode char U+010A (decimal 266)
   defining Unicode char U+010B (decimal 267)
   defining Unicode char U+010C (decimal 268)
   defining Unicode char U+010D (decimal 269)
   defining Unicode char U+010E (decimal 270)
   defining Unicode char U+010F (decimal 271)
   defining Unicode char U+0110 (decimal 272)
   defining Unicode char U+0111 (decimal 273)
   defining Unicode char U+0112 (decimal 274)
   defining Unicode char U+0113 (decimal 275)
   defining Unicode char U+0114 (decimal 276)
   defining Unicode char U+0115 (decimal 277)
   defining Unicode char U+0116 (decimal 278)
   defining Unicode char U+0117 (decimal 279)
   defining Unicode char U+0118 (decimal 280)
   defining Unicode char U+0119 (decimal 281)
   defining Unicode char U+011A (decimal 282)
   defining Unicode char U+011B (decimal 283)
   defining Unicode char U+011C (decimal 284)
   defining Unicode char U+011D (decimal 285)
   defining Unicode char U+011E (decimal 286)
   defining Unicode char U+011F (decimal 287)
   defining Unicode char U+0120 (decimal 288)
   defining Unicode char U+0121 (decimal 289)
   defining Unicode char U+0122 (decimal 290)
   defining Unicode char U+0123 (decimal 291)
   defining Unicode char U+0124 (decimal 292)
   defining Unicode char U+0125 (decimal 293)
   defining Unicode char U+0128 (decimal 296)
   defining Unicode char U+0129 (decimal 297)
   defining Unicode char U+012A (decimal 298)
   defining Unicode char U+012B (decimal 299)
   defining Unicode char U+012C (decimal 300)
   defining Unicode char U+012D (decimal 301)
   defining Unicode char U+012E (decimal 302)
   defining Unicode char U+012F (decimal 303)
   defining Unicode char U+0130 (decimal 304)
   defining Unicode char U+0131 (decimal 305)
   defining Unicode char U+0132 (decimal 306)
   defining Unicode char U+0133 (decimal 307)
   defining Unicode char U+0134 (decimal 308)
   defining Unicode char U+0135 (decimal 309)
   defining Unicode char U+0136 (decimal 310)
   defining Unicode char U+0137 (decimal 311)
   defining Unicode char U+0139 (decimal 313)
   defining Unicode char U+013A (decimal 314)
   defining Unicode char U+013B (decimal 315)
   defining Unicode char U+013C (decimal 316)
   defining Unicode char U+013D (decimal 317)
   defining Unicode char U+013E (decimal 318)
   defining Unicode char U+0141 (decimal 321)
   defining Unicode char U+0142 (decimal 322)
   defining Unicode char U+0143 (decimal 323)
   defining Unicode char U+0144 (decimal 324)
   defining Unicode char U+0145 (decimal 325)
   defining Unicode char U+0146 (decimal 326)
   defining Unicode char U+0147 (decimal 327)
   defining Unicode char U+0148 (decimal 328)
   defining Unicode char U+014A (decimal 330)
   defining Unicode char U+014B (decimal 331)
   defining Unicode char U+014C (decimal 332)
   defining Unicode char U+014D (decimal 333)
   defining Unicode char U+014E (decimal 334)
   defining Unicode char U+014F (decimal 335)
   defining Unicode char U+0150 (decimal 336)
   defining Unicode char U+0151 (decimal 337)
   defining Unicode char U+0152 (decimal 338)
   defining Unicode char U+0153 (decimal 339)
   defining Unicode char U+0154 (decimal 340)
   defining Unicode char U+0155 (decimal 341)
   defining Unicode char U+0156 (decimal 342)
   defining Unicode char U+0157 (decimal 343)
   defining Unicode char U+0158 (decimal 344)
   defining Unicode char U+0159 (decimal 345)
   defining Unicode char U+015A (decimal 346)
   defining Unicode char U+015B (decimal 347)
   defining Unicode char U+015C (decimal 348)
   defining Unicode char U+015D (decimal 349)
   defining Unicode char U+015E (decimal 350)
   defining Unicode char U+015F (decimal 351)
   defining Unicode char U+0160 (decimal 352)
   defining Unicode char U+0161 (decimal 353)
   defining Unicode char U+0162 (decimal 354)
   defining Unicode char U+0163 (decimal 355)
   defining Unicode char U+0164 (decimal 356)
   defining Unicode char U+0165 (decimal 357)
   defining Unicode char U+0168 (decimal 360)
   defining Unicode char U+0169 (decimal 361)
   defining Unicode char U+016A (decimal 362)
   defining Unicode char U+016B (decimal 363)
   defining Unicode char U+016C (decimal 364)
   defining Unicode char U+016D (decimal 365)
   defining Unicode char U+016E (decimal 366)
   defining Unicode char U+016F (decimal 367)
   defining Unicode char U+0170 (decimal 368)
   defining Unicode char U+0171 (decimal 369)
   defining Unicode char U+0172 (decimal 370)
   defining Unicode char U+0173 (decimal 371)
   defining Unicode char U+0174 (decimal 372)
   defining Unicode char U+0175 (decimal 373)
   defining Unicode char U+0176 (decimal 374)
   defining Unicode char U+0177 (decimal 375)
   defining Unicode char U+0178 (decimal 376)
   defining Unicode char U+0179 (decimal 377)
   defining Unicode char U+017A (decimal 378)
   defining Unicode char U+017B (decimal 379)
   defining Unicode char U+017C (decimal 380)
   defining Unicode char U+017D (decimal 381)
   defining Unicode char U+017E (decimal 382)
   defining Unicode char U+01CD (decimal 461)
   defining Unicode char U+01CE (decimal 462)
   defining Unicode char U+01CF (decimal 463)
   defining Unicode char U+01D0 (decimal 464)
   defining Unicode char U+01D1 (decimal 465)
   defining Unicode char U+01D2 (decimal 466)
   defining Unicode char U+01D3 (decimal 467)
   defining Unicode char U+01D4 (decimal 468)
   defining Unicode char U+01E2 (decimal 482)
   defining Unicode char U+01E3 (decimal 483)
   defining Unicode char U+01E6 (decimal 486)
   defining Unicode char U+01E7 (decimal 487)
   defining Unicode char U+01E8 (decimal 488)
   defining Unicode char U+01E9 (decimal 489)
   defining Unicode char U+01EA (decimal 490)
   defining Unicode char U+01EB (decimal 491)
   defining Unicode char U+01F0 (decimal 496)
   defining Unicode char U+01F4 (decimal 500)
   defining Unicode char U+01F5 (decimal 501)
   defining Unicode char U+0218 (decimal 536)
   defining Unicode char U+0219 (decimal 537)
   defining Unicode char U+021A (decimal 538)
   defining Unicode char U+021B (decimal 539)
   defining Unicode char U+0232 (decimal 562)
   defining Unicode char U+0233 (decimal 563)
   defining Unicode char U+1E02 (decimal 7682)
   defining Unicode char U+1E03 (decimal 7683)
   defining Unicode char U+200C (decimal 8204)
   defining Unicode char U+2010 (decimal 8208)
   defining Unicode char U+2011 (decimal 8209)
   defining Unicode char U+2012 (decimal 8210)
   defining Unicode char U+2013 (decimal 8211)
   defining Unicode char U+2014 (decimal 8212)
   defining Unicode char U+2015 (decimal 8213)
   defining Unicode char U+2018 (decimal 8216)
   defining Unicode char U+2019 (decimal 8217)
   defining Unicode char U+201A (decimal 8218)
   defining Unicode char U+201C (decimal 8220)
   defining Unicode char U+201D (decimal 8221)
   defining Unicode char U+201E (decimal 8222)
   defining Unicode char U+2030 (decimal 8240)
   defining Unicode char U+2031 (decimal 8241)
   defining Unicode char U+2039 (decimal 8249)
   defining Unicode char U+203A (decimal 8250)
   defining Unicode char U+2423 (decimal 9251)
   defining Unicode char U+1E20 (decimal 7712)
   defining Unicode char U+1E21 (decimal 7713)
)
Now handling font encoding OT1 ...
... processing UTF-8 mapping file for font encoding OT1

("C:\Program Files\MiKTeX 2.9\tex\latex\base\ot1enc.dfu"
File: ot1enc.dfu 2017/01/28 v1.1t UTF-8 support for inputenc
   defining Unicode char U+00A0 (decimal 160)
   defining Unicode char U+00A1 (decimal 161)
   defining Unicode char U+00A3 (decimal 163)
   defining Unicode char U+00AD (decimal 173)
   defining Unicode char U+00B8 (decimal 184)
   defining Unicode char U+00BF (decimal 191)
   defining Unicode char U+00C5 (decimal 197)
   defining Unicode char U+00C6 (decimal 198)
   defining Unicode char U+00D8 (decimal 216)
   defining Unicode char U+00DF (decimal 223)
   defining Unicode char U+00E6 (decimal 230)
   defining Unicode char U+00EC (decimal 236)
   defining Unicode char U+00ED (decimal 237)
   defining Unicode char U+00EE (decimal 238)
   defining Unicode char U+00EF (decimal 239)
   defining Unicode char U+00F8 (decimal 248)
   defining Unicode char U+0131 (decimal 305)
   defining Unicode char U+0141 (decimal 321)
   defining Unicode char U+0142 (decimal 322)
   defining Unicode char U+0152 (decimal 338)
   defining Unicode char U+0153 (decimal 339)
   defining Unicode char U+0174 (decimal 372)
   defining Unicode char U+0175 (decimal 373)
   defining Unicode char U+0176 (decimal 374)
   defining Unicode char U+0177 (decimal 375)
   defining Unicode char U+0218 (decimal 536)
   defining Unicode char U+0219 (decimal 537)
   defining Unicode char U+021A (decimal 538)
   defining Unicode char U+021B (decimal 539)
   defining Unicode char U+2013 (decimal 8211)
   defining Unicode char U+2014 (decimal 8212)
   defining Unicode char U+2018 (decimal 8216)
   defining Unicode char U+2019 (decimal 8217)
   defining Unicode char U+201C (decimal 8220)
   defining Unicode char U+201D (decimal 8221)
)
Now handling font encoding OMS ...
... processing UTF-8 mapping file for font encoding OMS

("C:\Program Files\MiKTeX 2.9\tex\latex\base\omsenc.dfu"
File: omsenc.dfu 2017/01/28 v1.1t UTF-8 support for inputenc
   defining Unicode char U+00A7 (decimal 167)
   defining Unicode char U+00B6 (decimal 182)
   defining Unicode char U+00B7 (decimal 183)
   defining Unicode char U+2020 (decimal 8224)
   defining Unicode char U+2021 (decimal 8225)
   defining Unicode char U+2022 (decimal 8226)
)
Now handling font encoding OMX ...
... no UTF-8 mapping file for font encoding OMX
Now handling font encoding U ...
... no UTF-8 mapping file for font encoding U
   defining Unicode char U+00A9 (decimal 169)
   defining Unicode char U+00AA (decimal 170)
   defining Unicode char U+00AE (decimal 174)
   defining Unicode char U+00BA (decimal 186)
   defining Unicode char U+02C6 (decimal 710)
   defining Unicode char U+02DC (decimal 732)
   defining Unicode char U+200C (decimal 8204)
   defining Unicode char U+2026 (decimal 8230)
   defining Unicode char U+2122 (decimal 8482)
   defining Unicode char U+2423 (decimal 9251)
))
("C:\Program Files\MiKTeX 2.9\tex\latex\pdfsync\pdfsync.sty"
Package: pdfsync 2008/01/26 v1.1
)
("C:\Program Files\MiKTeX 2.9\tex\latex\base\fontenc.sty"
Package: fontenc 2017/04/05 v2.0i Standard LaTeX package

("C:\Program Files\MiKTeX 2.9\tex\latex\base\t1enc.def"
File: t1enc.def 2017/04/05 v2.0i Standard LaTeX file
LaTeX Font Info:    Redeclaring font encoding T1 on input line 48.
))
("C:\Program Files\MiKTeX 2.9\tex\latex\amsmath\amsmath.sty"
Package: amsmath 2017/09/02 v2.17a AMS math features
\@mathmargin=\skip43

For additional information on amsmath, use the `?' option.
("C:\Program Files\MiKTeX 2.9\tex\latex\amsmath\amstext.sty"
Package: amstext 2000/06/29 v2.01 AMS text

("C:\Program Files\MiKTeX 2.9\tex\latex\amsmath\amsgen.sty"
File: amsgen.sty 1999/11/30 v2.0 generic functions
\@emptytoks=\toks16
\ex@=\dimen103
))
("C:\Program Files\MiKTeX 2.9\tex\latex\amsmath\amsbsy.sty"
Package: amsbsy 1999/11/29 v1.2d Bold Symbols
\pmbraise@=\dimen104
)
("C:\Program Files\MiKTeX 2.9\tex\latex\amsmath\amsopn.sty"
Package: amsopn 2016/03/08 v2.02 operator names
)
\inf@bad=\count87
LaTeX Info: Redefining \frac on input line 213.
\uproot@=\count88
\leftroot@=\count89
LaTeX Info: Redefining \overline on input line 375.
\classnum@=\count90
\DOTSCASE@=\count91
LaTeX Info: Redefining \ldots on input line 472.
LaTeX Info: Redefining \dots on input line 475.
LaTeX Info: Redefining \cdots on input line 596.
\Mathstrutbox@=\box26
\strutbox@=\box27
\big@size=\dimen105
LaTeX Font Info:    Redeclaring font encoding OML on input line 712.
LaTeX Font Info:    Redeclaring font encoding OMS on input line 713.
\macc@depth=\count92
\c@MaxMatrixCols=\count93
\dotsspace@=\muskip10
\c@parentequation=\count94
\dspbrk@lvl=\count95
\tag@help=\toks17
\row@=\count96
\column@=\count97
\maxfields@=\count98
\andhelp@=\toks18
\eqnshift@=\dimen106
\alignsep@=\dimen107
\tagshift@=\dimen108
\tagwidth@=\dimen109
\totwidth@=\dimen110
\lineht@=\dimen111
\@envbody=\toks19
\multlinegap=\skip44
\multlinetaggap=\skip45
\mathdisplay@stack=\toks20
LaTeX Info: Redefining \[ on input line 2817.
LaTeX Info: Redefining \] on input line 2818.
)
("C:\Program Files\MiKTeX 2.9\tex\latex\amsfonts\amsfonts.sty"
Package: amsfonts 2013/01/14 v3.01 Basic AMSFonts support
\symAMSa=\mathgroup4
\symAMSb=\mathgroup5
LaTeX Font Info:    Overwriting math alphabet `\mathfrak' in version `bold'
(Font)                  U/euf/m/n --> U/euf/b/n on input line 106.
)
("C:\Program Files\MiKTeX 2.9\tex\latex\amsfonts\amssymb.sty"
Package: amssymb 2013/01/14 v3.01 AMS font symbols
)
("C:\Program Files\MiKTeX 2.9\tex\latex\amscls\amsthm.sty"
Package: amsthm 2015/03/04 v2.20.2
\thm@style=\toks21
\thm@bodyfont=\toks22
\thm@headfont=\toks23
\thm@notefont=\toks24
\thm@headpunct=\toks25
\thm@preskip=\skip46
\thm@postskip=\skip47
\thm@headsep=\skip48
\dth@everypar=\toks26
)
("C:\Program Files\MiKTeX 2.9\tex\latex\xcolor\xcolor.sty"
Package: xcolor 2016/05/11 v2.12 LaTeX color extensions (UK)

("C:\Program Files\MiKTeX 2.9\tex\latex\graphics-cfg\color.cfg"
File: color.cfg 2016/01/02 v1.6 sample color configuration
)
Package xcolor Info: Driver file: pdftex.def on input line 225.

("C:\Program Files\MiKTeX 2.9\tex\latex\graphics-def\pdftex.def"
File: pdftex.def 2017/06/24 v1.0g Graphics/color driver for pdftex
)
Package xcolor Info: Model `cmy' substituted by `cmy0' on input line 1348.
Package xcolor Info: Model `hsb' substituted by `rgb' on input line 1352.
Package xcolor Info: Model `RGB' extended on input line 1364.
Package xcolor Info: Model `HTML' substituted by `rgb' on input line 1366.
Package xcolor Info: Model `Hsb' substituted by `hsb' on input line 1367.
Package xcolor Info: Model `tHsb' substituted by `hsb' on input line 1368.
Package xcolor Info: Model `HSB' substituted by `hsb' on input line 1369.
Package xcolor Info: Model `Gray' substituted by `gray' on input line 1370.
Package xcolor Info: Model `wave' substituted by `hsb' on input line 1371.
)
("C:\Program Files\MiKTeX 2.9\tex\latex\bbm\bbm.sty"
Package: bbm 1999/03/15 V 1.2 provides fonts for set symbols - TH
LaTeX Font Info:    Overwriting math alphabet `\mathbbm' in version `bold'
(Font)                  U/bbm/m/n --> U/bbm/bx/n on input line 33.
LaTeX Font Info:    Overwriting math alphabet `\mathbbmss' in version `bold'
(Font)                  U/bbmss/m/n --> U/bbmss/bx/n on input line 35.
)
("C:\Program Files\MiKTeX 2.9\tex\latex\graphics\graphicx.sty"
Package: graphicx 2017/06/01 v1.1a Enhanced LaTeX Graphics (DPC,SPQR)

("C:\Program Files\MiKTeX 2.9\tex\latex\graphics\keyval.sty"
Package: keyval 2014/10/28 v1.15 key=value parser (DPC)
\KV@toks@=\toks27
)
("C:\Program Files\MiKTeX 2.9\tex\latex\graphics\graphics.sty"
Package: graphics 2017/06/25 v1.2c Standard LaTeX Graphics (DPC,SPQR)

("C:\Program Files\MiKTeX 2.9\tex\latex\graphics\trig.sty"
Package: trig 2016/01/03 v1.10 sin cos tan (DPC)
)
("C:\Program Files\MiKTeX 2.9\tex\latex\graphics-cfg\graphics.cfg"
File: graphics.cfg 2016/06/04 v1.11 sample graphics configuration
)
Package graphics Info: Driver file: pdftex.def on input line 99.
)
\Gin@req@height=\dimen112
\Gin@req@width=\dimen113
)
("C:\Program Files\MiKTeX 2.9\tex\latex\geometry\geometry.sty"
Package: geometry 2010/09/12 v5.6 Page Geometry

("C:\Program Files\MiKTeX 2.9\tex\generic\oberdiek\ifpdf.sty"
Package: ifpdf 2017/03/15 v3.2 Provides the ifpdf switch
)
("C:\Program Files\MiKTeX 2.9\tex\generic\oberdiek\ifvtex.sty"
Package: ifvtex 2016/05/16 v1.6 Detect VTeX and its facilities (HO)
Package ifvtex Info: VTeX not detected.
)
("C:\Program Files\MiKTeX 2.9\tex\generic\ifxetex\ifxetex.sty"
Package: ifxetex 2010/09/12 v0.6 Provides ifxetex conditional
)
\Gm@cnth=\count99
\Gm@cntv=\count100
\c@Gm@tempcnt=\count101
\Gm@bindingoffset=\dimen114
\Gm@wd@mp=\dimen115
\Gm@odd@mp=\dimen116
\Gm@even@mp=\dimen117
\Gm@layoutwidth=\dimen118
\Gm@layoutheight=\dimen119
\Gm@layouthoffset=\dimen120
\Gm@layoutvoffset=\dimen121
\Gm@dimlist=\toks28

("C:\Program Files\MiKTeX 2.9\tex\latex\geometry\geometry.cfg"))
("C:\Program Files\MiKTeX 2.9\tex\latex\caption\subcaption.sty"
Package: subcaption 2016/05/22 v1.1-161 Sub-captions (AR)

("C:\Program Files\MiKTeX 2.9\tex\latex\caption\caption.sty"
Package: caption 2016/02/21 v3.3-144 Customizing captions (AR)

("C:\Program Files\MiKTeX 2.9\tex\latex\caption\caption3.sty"
Package: caption3 2016/05/22 v1.7-166 caption3 kernel (AR)
Package caption3 Info: TeX engine: e-TeX on input line 67.
\captionmargin=\dimen122
\captionmargin@=\dimen123
\captionwidth=\dimen124
\caption@tempdima=\dimen125
\caption@indent=\dimen126
\caption@parindent=\dimen127
\caption@hangindent=\dimen128
)
\c@ContinuedFloat=\count102
)
\c@subfigure=\count103
\c@subtable=\count104
)
("C:\Program Files\MiKTeX 2.9\tex\latex\hyperref\hyperref.sty"
Package: hyperref 2017/03/14 v6.85a Hypertext links for LaTeX

("C:\Program Files\MiKTeX 2.9\tex\generic\oberdiek\hobsub-hyperref.sty"
Package: hobsub-hyperref 2016/05/16 v1.14 Bundle oberdiek, subset hyperref (HO)


("C:\Program Files\MiKTeX 2.9\tex\generic\oberdiek\hobsub-generic.sty"
Package: hobsub-generic 2016/05/16 v1.14 Bundle oberdiek, subset generic (HO)
Package: hobsub 2016/05/16 v1.14 Construct package bundles (HO)
Package: infwarerr 2016/05/16 v1.4 Providing info/warning/error messages (HO)
Package: ltxcmds 2016/05/16 v1.23 LaTeX kernel commands for general use (HO)
Package: ifluatex 2016/05/16 v1.4 Provides the ifluatex switch (HO)
Package ifluatex Info: LuaTeX not detected.
Package hobsub Info: Skipping package `ifvtex' (already loaded).
Package: intcalc 2016/05/16 v1.2 Expandable calculations with integers (HO)
Package hobsub Info: Skipping package `ifpdf' (already loaded).
Package: etexcmds 2016/05/16 v1.6 Avoid name clashes with e-TeX commands (HO)
Package etexcmds Info: Could not find \expanded.
(etexcmds)             That can mean that you are not using pdfTeX 1.50 or
(etexcmds)             that some package has redefined \expanded.
(etexcmds)             In the latter case, load this package earlier.
Package: kvsetkeys 2016/05/16 v1.17 Key value parser (HO)
Package: kvdefinekeys 2016/05/16 v1.4 Define keys (HO)
Package: pdftexcmds 2017/03/19 v0.25 Utility functions of pdfTeX for LuaTeX (HO
)
Package pdftexcmds Info: LuaTeX not detected.
Package pdftexcmds Info: \pdf@primitive is available.
Package pdftexcmds Info: \pdf@ifprimitive is available.
Package pdftexcmds Info: \pdfdraftmode found.
Package: pdfescape 2016/05/16 v1.14 Implements pdfTeX's escape features (HO)
Package: bigintcalc 2016/05/16 v1.4 Expandable calculations on big integers (HO
)
Package: bitset 2016/05/16 v1.2 Handle bit-vector datatype (HO)
Package: uniquecounter 2016/05/16 v1.3 Provide unlimited unique counter (HO)
)
Package hobsub Info: Skipping package `hobsub' (already loaded).
Package: letltxmacro 2016/05/16 v1.5 Let assignment for LaTeX macros (HO)
Package: hopatch 2016/05/16 v1.3 Wrapper for package hooks (HO)
Package: xcolor-patch 2016/05/16 xcolor patch
Package: atveryend 2016/05/16 v1.9 Hooks at the very end of document (HO)
Package atveryend Info: \enddocument detected (standard20110627).
Package: atbegshi 2016/06/09 v1.18 At begin shipout hook (HO)
Package: refcount 2016/05/16 v3.5 Data extraction from label references (HO)
Package: hycolor 2016/05/16 v1.8 Color options for hyperref/bookmark (HO)
)
("C:\Program Files\MiKTeX 2.9\tex\latex\oberdiek\auxhook.sty"
Package: auxhook 2016/05/16 v1.4 Hooks for auxiliary files (HO)
)
("C:\Program Files\MiKTeX 2.9\tex\latex\oberdiek\kvoptions.sty"
Package: kvoptions 2016/05/16 v3.12 Key value format for package options (HO)
)
\@linkdim=\dimen129
\Hy@linkcounter=\count105
\Hy@pagecounter=\count106

("C:\Program Files\MiKTeX 2.9\tex\latex\hyperref\pd1enc.def"
File: pd1enc.def 2017/03/14 v6.85a Hyperref: PDFDocEncoding definition (HO)
Now handling font encoding PD1 ...
... no UTF-8 mapping file for font encoding PD1
)
\Hy@SavedSpaceFactor=\count107

("C:\Program Files\MiKTeX 2.9\tex\latex\00miktex\hyperref.cfg"
File: hyperref.cfg 2002/06/06 v1.2 hyperref configuration of TeXLive
)
Package hyperref Info: Hyper figures OFF on input line 4498.
Package hyperref Info: Link nesting OFF on input line 4503.
Package hyperref Info: Hyper index ON on input line 4506.
Package hyperref Info: Plain pages OFF on input line 4513.
Package hyperref Info: Backreferencing OFF on input line 4518.
Package hyperref Info: Implicit mode ON; LaTeX internals redefined.
Package hyperref Info: Bookmarks ON on input line 4751.
\c@Hy@tempcnt=\count108

("C:\Program Files\MiKTeX 2.9\tex\latex\url\url.sty"
\Urlmuskip=\muskip11
Package: url 2013/09/16  ver 3.4  Verb mode for urls, etc.
)
LaTeX Info: Redefining \url on input line 5104.
\XeTeXLinkMargin=\dimen130
\Fld@menulength=\count109
\Field@Width=\dimen131
\Fld@charsize=\dimen132
Package hyperref Info: Hyper figures OFF on input line 6358.
Package hyperref Info: Link nesting OFF on input line 6363.
Package hyperref Info: Hyper index ON on input line 6366.
Package hyperref Info: backreferencing OFF on input line 6373.
Package hyperref Info: Link coloring OFF on input line 6378.
Package hyperref Info: Link coloring with OCG OFF on input line 6383.
Package hyperref Info: PDF/A mode OFF on input line 6388.
LaTeX Info: Redefining \ref on input line 6428.
LaTeX Info: Redefining \pageref on input line 6432.
\Hy@abspage=\count110
\c@Item=\count111
\c@Hfootnote=\count112
)

Package hyperref Message: Driver (autodetected): hpdftex.

("C:\Program Files\MiKTeX 2.9\tex\latex\hyperref\hpdftex.def"
File: hpdftex.def 2017/03/14 v6.85a Hyperref driver for pdfTeX
\Fld@listcount=\count113
\c@bookmark@seq@number=\count114

("C:\Program Files\MiKTeX 2.9\tex\latex\oberdiek\rerunfilecheck.sty"
Package: rerunfilecheck 2016/05/16 v1.8 Rerun checks for auxiliary files (HO)
Package uniquecounter Info: New unique counter `rerunfilecheck' on input line 2
82.
)
\Hy@SectionHShift=\skip49
)
\c@thm=\count115
\c@assumption=\count116
\c@definition=\count117
\c@example=\count118
\c@remark=\count119

(APH1.aux)
\openout1 = `APH1.aux'.

LaTeX Font Info:    Checking defaults for OML/cmm/m/it on input line 185.
LaTeX Font Info:    ... okay on input line 185.
LaTeX Font Info:    Checking defaults for T1/cmr/m/n on input line 185.
LaTeX Font Info:    ... okay on input line 185.
LaTeX Font Info:    Checking defaults for OT1/cmr/m/n on input line 185.
LaTeX Font Info:    ... okay on input line 185.
LaTeX Font Info:    Checking defaults for OMS/cmsy/m/n on input line 185.
LaTeX Font Info:    ... okay on input line 185.
LaTeX Font Info:    Checking defaults for OMX/cmex/m/n on input line 185.
LaTeX Font Info:    ... okay on input line 185.
LaTeX Font Info:    Checking defaults for U/cmr/m/n on input line 185.
LaTeX Font Info:    ... okay on input line 185.
LaTeX Font Info:    Checking defaults for PD1/pdf/m/n on input line 185.
LaTeX Font Info:    ... okay on input line 185.
Configuring pdfsync
\PDFSYNC@ut=\write3
\openout3 = `APH1.pdfsync'.

\PDFSYNCf@li@=\count120
\PDFSYNC@rder=\count121
**** pdfsync.sty: Synchronizing at \everypar
\PDFSYNCeveryp@r=\toks29
**** pdfsync.sty: Synchronizing at \everymath
\PDFSYNCeverym@th=\toks30
**** pdfsync.sty: Synchronizing at \everyhbox
\PDFSYNCeveryhb@x=\toks31
**** pdfsync.sty: Synchronizing at \everyvbox
\PDFSYNCeveryvb@x=\toks32
**** pdfsync.sty: started
 ("C:\Program Files\MiKTeX 2.9\tex\context\base\supp-pdf.mkii"
[Loading MPS to PDF converter (version 2006.09.02).]
\scratchcounter=\count122
\scratchdimen=\dimen133
\scratchbox=\box28
\nofMPsegments=\count123
\nofMParguments=\count124
\everyMPshowfont=\toks33
\MPscratchCnt=\count125
\MPscratchDim=\dimen134
\MPnumerator=\count126
\makeMPintoPDFobject=\count127
\everyMPtoPDFconversion=\toks34
) ("C:\Program Files\MiKTeX 2.9\tex\latex\oberdiek\epstopdf-base.sty"
Package: epstopdf-base 2016/05/15 v2.6 Base part for package epstopdf

("C:\Program Files\MiKTeX 2.9\tex\latex\oberdiek\grfext.sty"
Package: grfext 2016/05/16 v1.2 Manage graphics extensions (HO)
)
Package epstopdf-base Info: Redefining graphics rule for `.eps' on input line 4
38.
Package grfext Info: Graphics extension search list:
(grfext)             [.pdf,.png,.jpg,.mps,.jpeg,.jbig2,.jb2,.PDF,.PNG,.JPG,.JPE
G,.JBIG2,.JB2,.eps]
(grfext)             \AppendGraphicsExtensions on input line 456.
)
*geometry* driver: auto-detecting
*geometry* detected driver: pdftex
*geometry* verbose mode - [ preamble ] result:
* driver: pdftex
* paper: a4paper
* layout: <same size as paper>
* layoutoffset:(h,v)=(0.0pt,0.0pt)
* modes: 
* h-part:(L,W,R)=(56.9055pt, 483.69687pt, 56.9055pt)
* v-part:(T,H,B)=(56.9055pt, 717.00946pt, 71.13188pt)
* \paperwidth=597.50787pt
* \paperheight=845.04684pt
* \textwidth=468.04774pt
* \textheight=654.41338pt
* \oddsidemargin=-18.49411pt
* \evensidemargin=-18.49411pt
* \topmargin=-5.69046pt
* \headheight=12.0pt
* \headsep=20.0pt
* \topskip=10.0pt
* \footskip=30.0pt
* \marginparwidth=57.0pt
* \marginparsep=11.0pt
* \columnsep=10.0pt
* \skip\footins=9.0pt plus 4.0pt minus 2.0pt
* \hoffset=0.0pt
* \voffset=0.0pt
* \mag=1000
* \@twocolumnfalse
* \@twosidefalse
* \@mparswitchfalse
* \@reversemarginfalse
* (1in=72.27pt=25.4mm, 1cm=28.453pt)

Package caption Info: Begin \AtBeginDocument code.
Package caption Info: hyperref package is loaded.
Package caption Info: End \AtBeginDocument code.
\AtBeginShipoutBox=\box29
Package hyperref Info: Link coloring OFF on input line 185.
("C:\Program Files\MiKTeX 2.9\tex\latex\hyperref\nameref.sty"
Package: nameref 2016/05/21 v2.44 Cross-referencing by name of section

("C:\Program Files\MiKTeX 2.9\tex\generic\oberdiek\gettitlestring.sty"
Package: gettitlestring 2016/05/16 v1.5 Cleanup title references (HO)
)
\c@section@level=\count128
)
LaTeX Info: Redefining \ref on input line 185.
LaTeX Info: Redefining \pageref on input line 185.
LaTeX Info: Redefining \nameref on input line 185.

(APH1.out) (APH1.out)
\@outlinefile=\write4
\openout4 = `APH1.out'.

LaTeX Font Info:    Try loading font information for U+msa on input line 192.
 ("C:\Program Files\MiKTeX 2.9\tex\latex\amsfonts\umsa.fd"
File: umsa.fd 2013/01/14 v3.01 AMS symbols A
)
LaTeX Font Info:    Try loading font information for U+msb on input line 192.
 ("C:\Program Files\MiKTeX 2.9\tex\latex\amsfonts\umsb.fd"
File: umsb.fd 2013/01/14 v3.01 AMS symbols B
)

LaTeX Warning: Citation `Gaj' on page 1 undefined on input line 193.

(APH1.toc

LaTeX Warning: Citation `Gaj' on page 1 undefined on input line 11.

)
\tf@toc=\write5
\openout5 = `APH1.toc'.

 (intDV.tex

LaTeX Warning: Citation `Gaj' on page 1 undefined on input line 4.


LaTeX Warning: Citation `vatamidou2014accuracy' on page 1 undefined on input li
ne 7.

[1

{C:/Users/UJ/AppData/Local/MiKTeX/2.9/pdftex/config/pdftex.map}]

LaTeX Warning: Citation `Gaj' on page 2 undefined on input line 10.


LaTeX Warning: Citation `Gaj' on page 2 undefined on input line 14.


LaTeX Warning: Citation `Gaj' on page 2 undefined on input line 24.


LaTeX Warning: Reference `J0PH' on page 2 undefined on input line 30.


LaTeX Warning: Citation `Gaj' on page 2 undefined on input line 30.


LaTeX Warning: Citation `AA' on page 2 undefined on input line 32.


LaTeX Warning: Reference `derdev' on page 2 undefined on input line 44.


LaTeX Warning: Reference `s:mod' on page 2 undefined on input line 59.


LaTeX Warning: Citation `Kyp' on page 2 undefined on input line 61.


LaTeX Warning: Citation `KKR' on page 2 undefined on input line 61.


LaTeX Warning: Citation `AGV' on page 2 undefined on input line 61.

[2]

LaTeX Warning: Citation `Suprun' on page 3 undefined on input line 63.


LaTeX Warning: Citation `Ber' on page 3 undefined on input line 63.


LaTeX Warning: Citation `AKP' on page 3 undefined on input line 63.


LaTeX Warning: Reference `Estima*' on page 3 undefined on input line 73.

Package epstopdf Info: Source file: <ZZ.eps>
(epstopdf)                    date: 2020-09-11 10:51:18
(epstopdf)                    size: 85798 bytes
(epstopdf)             Output file: <ZZ-eps-converted-to.pdf>
(epstopdf)                    date: 2020-09-18 15:35:15
(epstopdf)                    size: 30343 bytes
(epstopdf)             Command: <epstopdf --outfile=ZZ-eps-converted-to.pdf ZZ.
eps>
(epstopdf)             \includegraphics on input line 76.
Package epstopdf Info: Output file is already uptodate.
<ZZ-eps-converted-to.pdf, id=109, pagebox=cropbox, 425.59pt x 163.61125pt>
File: ZZ-eps-converted-to.pdf Graphic file (type pdf)
<use ZZ-eps-converted-to.pdf>
Package pdftex.def Info: ZZ-eps-converted-to.pdf  used on input line 76. on inp
ut line 76.
Package pdftex.def Info: Requested size: 369.90312pt x 227.62367pt on input lin
e 76.

LaTeX Warning: Reference `Estima*' on page 3 undefined on input line 76.


LaTeX Warning: Reference `Estima*' on page 3 undefined on input line 76.


LaTeX Warning: Citation `de1978practical' on page 3 undefined on input line 87.



LaTeX Warning: Citation `hojgaard2002optimal' on page 3 undefined on input line
 87.


LaTeX Warning: Citation `dickson2005optimal' on page 3 undefined on input line 
87.


LaTeX Warning: Citation `beveridge2007optimal' on page 3 undefined on input lin
e 87.


LaTeX Warning: Citation `GSS' on page 3 undefined on input line 87.


LaTeX Warning: Citation `AHPS' on page 3 undefined on input line 87.


LaTeX Warning: Citation `avram2011moments' on page 3 undefined on input line 87
.


LaTeX Warning: Citation `AP14' on page 3 undefined on input line 87.


LaTeX Warning: Citation `ABH' on page 3 undefined on input line 87.


LaTeX Warning: Reference `f:pl3' on page 3 undefined on input line 88.


LaTeX Warning: Reference `f:pl3' on page 3 undefined on input line 88.

[3 <./ZZ-eps-converted-to.pdf>]

LaTeX Warning: Citation `AP14' on page 4 undefined on input line 92.


LaTeX Warning: Citation `AHPS' on page 4 undefined on input line 92.


LaTeX Warning: Reference `s:eqc' on page 4 undefined on input line 99.


LaTeX Warning: Reference `s:me' on page 4 undefined on input line 99.


LaTeX Warning: Reference `ex:2' on page 4 undefined on input line 101.


LaTeX Warning: Reference `s:Ma' on page 4 undefined on input line 107.


LaTeX Warning: Reference `dev' on page 4 undefined on input line 109.


LaTeX Warning: Reference `derdev' on page 4 undefined on input line 109.


LaTeX Warning: Citation `Gaj' on page 4 undefined on input line 112.

) (low1.tex

LaTeX Warning: Citation `AP14' on page 4 undefined on input line 18.

[4]

LaTeX Warning: Citation `ramsay1992practical' on page 5 undefined on input line
 19.


LaTeX Warning: Citation `AP14' on page 5 undefined on input line 19.


LaTeX Warning: Citation `bobbio2005matching' on page 5 undefined on input line 
28.


LaTeX Warning: Citation `avram2011moments' on page 5 undefined on input line 30
.


LaTeX Warning: Citation `de1978practical' on page 5 undefined on input line 30.



LaTeX Warning: Reference `ap3' on page 5 undefined on input line 30.


LaTeX Warning: Citation `bobbio2005matching' on page 5 undefined on input line 
33.

) (low21.tex

Package hyperref Warning: Token not allowed in a PDF string (PDFDocEncoding):
(hyperref)                removing `math shift' on input line 5.


Package hyperref Warning: Token not allowed in a PDF string (PDFDocEncoding):
(hyperref)                removing `subscript' on input line 5.


Package hyperref Warning: Token not allowed in a PDF string (PDFDocEncoding):
(hyperref)                removing `subscript' on input line 5.


Package hyperref Warning: Token not allowed in a PDF string (PDFDocEncoding):
(hyperref)                removing `math shift' on input line 5.


LaTeX Warning: Reference `Wex' on page 5 undefined on input line 16.

[5]

LaTeX Warning: Citation `APP' on page 6 undefined on input line 45.

LaTeX Font Info:    Try loading font information for OMS+cmr on input line 67.
("C:\Program Files\MiKTeX 2.9\tex\latex\base\omscmr.fd"
File: omscmr.fd 2014/09/29 v2.5h Standard LaTeX font definitions
)
LaTeX Font Info:    Font shape `OMS/cmr/m/n' in size <7> not available
(Font)              Font shape `OMS/cmsy/m/n' tried instead on input line 67.
LaTeX Font Info:    Font shape `OMS/cmr/m/n' in size <6> not available
(Font)              Font shape `OMS/cmsy/m/n' tried instead on input line 67.


LaTeX Warning: Citation `AHPS' on page 6 undefined on input line 77.


LaTeX Warning: Citation `AHPS' on page 6 undefined on input line 79.

[6]

LaTeX Warning: Citation `GSS' on page 7 undefined on input line 98.


LaTeX Warning: Citation `GSS' on page 7 undefined on input line 111.


LaTeX Warning: Reference `s:LdV' on page 7 undefined on input line 123.

) (MixExp83Wscale.tex [7]
Package epstopdf Info: Source file: <MixExp83W.eps>
(epstopdf)                    date: 2020-09-15 16:50:40
(epstopdf)                    size: 53185 bytes
(epstopdf)             Output file: <MixExp83W-eps-converted-to.pdf>
(epstopdf)                    date: 2020-09-18 15:28:16
(epstopdf)                    size: 27180 bytes
(epstopdf)             Command: <epstopdf --outfile=MixExp83W-eps-converted-to.
pdf MixExp83W.eps>
(epstopdf)             \includegraphics on input line 46.
Package epstopdf Info: Output file is already uptodate.
<MixExp83W-eps-converted-to.pdf, id=200, pagebox=cropbox, 348.30125pt x 162.607
5pt>
File: MixExp83W-eps-converted-to.pdf Graphic file (type pdf)
<use MixExp83W-eps-converted-to.pdf>
Package pdftex.def Info: MixExp83W-eps-converted-to.pdf  used on input line 46.
 on input line 46.
Package pdftex.def Info: Requested size: 374.43962pt x 174.8195pt on input line
 46.
Package epstopdf Info: Source file: <MixExp83W1.eps>
(epstopdf)                    date: 2020-09-15 16:50:42
(epstopdf)                    size: 67096 bytes
(epstopdf)             Output file: <MixExp83W1-eps-converted-to.pdf>
(epstopdf)                    date: 2020-09-18 15:28:23
(epstopdf)                    size: 31468 bytes
(epstopdf)             Command: <epstopdf --outfile=MixExp83W1-eps-converted-to
.pdf MixExp83W1.eps>
(epstopdf)             \includegraphics on input line 53.
Package epstopdf Info: Output file is already uptodate.
<MixExp83W1-eps-converted-to.pdf, id=201, pagebox=cropbox, 348.30125pt x 163.61
125pt>
File: MixExp83W1-eps-converted-to.pdf Graphic file (type pdf)
<use MixExp83W1-eps-converted-to.pdf>
Package pdftex.def Info: MixExp83W1-eps-converted-to.pdf  used on input line 53
. on input line 53.
Package pdftex.def Info: Requested size: 374.43962pt x 175.89862pt on input lin
e 53.
Package epstopdf Info: Source file: <MixExp83W2.eps>
(epstopdf)                    date: 2020-09-15 16:50:44
(epstopdf)                    size: 64011 bytes
(epstopdf)             Output file: <MixExp83W2-eps-converted-to.pdf>
(epstopdf)                    date: 2020-09-18 15:28:32
(epstopdf)                    size: 31535 bytes
(epstopdf)             Command: <epstopdf --outfile=MixExp83W2-eps-converted-to
.pdf MixExp83W2.eps>
(epstopdf)             \includegraphics on input line 60.
Package epstopdf Info: Output file is already uptodate.
<MixExp83W2-eps-converted-to.pdf, id=202, pagebox=cropbox, 348.30125pt x 156.58
5pt>
File: MixExp83W2-eps-converted-to.pdf Graphic file (type pdf)
<use MixExp83W2-eps-converted-to.pdf>
Package pdftex.def Info: MixExp83W2-eps-converted-to.pdf  used on input line 60
. on input line 60.
Package pdftex.def Info: Requested size: 374.43962pt x 168.3447pt on input line
 60.


LaTeX Warning: `!h' float specifier changed to `!ht'.


LaTeX Warning: Citation `AGV' on page 8 undefined on input line 72.


LaTeX Warning: `!h' float specifier changed to `!ht'.


LaTeX Warning: `!h' float specifier changed to `!ht'.

) (NH5mmWscale.tex [8] [9 <./MixExp83W-eps-converted-to.pdf> <./MixExp83W1-eps-
converted-to.pdf> <./MixExp83W2-eps-converted-to.pdf>]
Package epstopdf Info: Source file: <NH5mmW.eps>
(epstopdf)                    date: 2020-09-15 11:28:07
(epstopdf)                    size: 50259 bytes
(epstopdf)             Output file: <NH5mmW-eps-converted-to.pdf>
(epstopdf)                    date: 2020-09-18 15:28:45
(epstopdf)                    size: 23953 bytes
(epstopdf)             Command: <epstopdf --outfile=NH5mmW-eps-converted-to.pdf
 NH5mmW.eps>
(epstopdf)             \includegraphics on input line 15.
Package epstopdf Info: Output file is already uptodate.
<NH5mmW-eps-converted-to.pdf, id=263, pagebox=cropbox, 349.305pt x 163.61125pt>

File: NH5mmW-eps-converted-to.pdf Graphic file (type pdf)
<use NH5mmW-eps-converted-to.pdf>
Package pdftex.def Info: NH5mmW-eps-converted-to.pdf  used on input line 15. on
 input line 15.
Package pdftex.def Info: Requested size: 374.43962pt x 175.39433pt on input lin
e 15.
Package epstopdf Info: Source file: <NH5mmW1.eps>
(epstopdf)                    date: 2020-09-15 11:28:08
(epstopdf)                    size: 52549 bytes
(epstopdf)             Output file: <NH5mmW1-eps-converted-to.pdf>
(epstopdf)                    date: 2020-09-18 15:28:54
(epstopdf)                    size: 24016 bytes
(epstopdf)             Command: <epstopdf --outfile=NH5mmW1-eps-converted-to.pd
f NH5mmW1.eps>
(epstopdf)             \includegraphics on input line 22.
Package epstopdf Info: Output file is already uptodate.
<NH5mmW1-eps-converted-to.pdf, id=264, pagebox=cropbox, 352.31625pt x 168.63pt>

File: NH5mmW1-eps-converted-to.pdf Graphic file (type pdf)
<use NH5mmW1-eps-converted-to.pdf>
Package pdftex.def Info: NH5mmW1-eps-converted-to.pdf  used on input line 22. o
n input line 22.
Package pdftex.def Info: Requested size: 374.43962pt x 179.22038pt on input lin
e 22.
Package epstopdf Info: Source file: <NH5mmW2.eps>
(epstopdf)                    date: 2020-09-15 11:28:09
(epstopdf)                    size: 58197 bytes
(epstopdf)             Output file: <NH5mmW2-eps-converted-to.pdf>
(epstopdf)                    date: 2020-09-18 15:29:07
(epstopdf)                    size: 26858 bytes
(epstopdf)             Command: <epstopdf --outfile=NH5mmW2-eps-converted-to.pd
f NH5mmW2.eps>
(epstopdf)             \includegraphics on input line 29.
Package epstopdf Info: Output file is already uptodate.
<NH5mmW2-eps-converted-to.pdf, id=265, pagebox=cropbox, 348.30125pt x 154.5775p
t>
File: NH5mmW2-eps-converted-to.pdf Graphic file (type pdf)
<use NH5mmW2-eps-converted-to.pdf>
Package pdftex.def Info: NH5mmW2-eps-converted-to.pdf  used on input line 29. o
n input line 29.
Package pdftex.def Info: Requested size: 374.43962pt x 166.18642pt on input lin
e 29.


LaTeX Warning: `!h' float specifier changed to `!ht'.


LaTeX Warning: `!h' float specifier changed to `!ht'.


LaTeX Warning: `!h' float specifier changed to `!ht'.


LaTeX Warning: No positions in optional float specifier.
               Default added (so using `tbp') on input line 77.

[10]) (MatExp6220Wscale.tex [11 <./NH5mmW-eps-converted-to.pdf> <./NH5mmW1-eps-
converted-to.pdf> <./NH5mmW2-eps-converted-to.pdf>]
Package epstopdf Info: Source file: <MatExp6220W.eps>
(epstopdf)                    date: 2020-09-15 19:24:23
(epstopdf)                    size: 56113 bytes
(epstopdf)             Output file: <MatExp6220W-eps-converted-to.pdf>
(epstopdf)                    date: 2020-09-18 15:29:12
(epstopdf)                    size: 28450 bytes
(epstopdf)             Command: <epstopdf --outfile=MatExp6220W-eps-converted-t
o.pdf MatExp6220W.eps>
(epstopdf)             \includegraphics on input line 20.
Package epstopdf Info: Output file is already uptodate.
<MatExp6220W-eps-converted-to.pdf, id=317, pagebox=cropbox, 349.305pt x 168.63p
t>
File: MatExp6220W-eps-converted-to.pdf Graphic file (type pdf)
<use MatExp6220W-eps-converted-to.pdf>
Package pdftex.def Info: MatExp6220W-eps-converted-to.pdf  used on input line 2
0. on input line 20.
Package pdftex.def Info: Requested size: 374.43962pt x 180.77452pt on input lin
e 20.
Package epstopdf Info: Source file: <MatExp6220W1.eps>
(epstopdf)                    date: 2020-09-15 19:24:25
(epstopdf)                    size: 72797 bytes
(epstopdf)             Output file: <MatExp6220W1-eps-converted-to.pdf>
(epstopdf)                    date: 2020-09-18 15:29:19
(epstopdf)                    size: 32827 bytes
(epstopdf)             Command: <epstopdf --outfile=MatExp6220W1-eps-converted-
to.pdf MatExp6220W1.eps>
(epstopdf)             \includegraphics on input line 27.
Package epstopdf Info: Output file is already uptodate.
<MatExp6220W1-eps-converted-to.pdf, id=318, pagebox=cropbox, 348.30125pt x 160.
6pt>
File: MatExp6220W1-eps-converted-to.pdf Graphic file (type pdf)
<use MatExp6220W1-eps-converted-to.pdf>
Package pdftex.def Info: MatExp6220W1-eps-converted-to.pdf  used on input line 
27. on input line 27.
Package pdftex.def Info: Requested size: 374.43962pt x 172.66122pt on input lin
e 27.
Package epstopdf Info: Source file: <MatExp6220W2.eps>
(epstopdf)                    date: 2020-09-15 19:24:27
(epstopdf)                    size: 67329 bytes
(epstopdf)             Output file: <MatExp6220W2-eps-converted-to.pdf>
(epstopdf)                    date: 2020-09-18 15:29:33
(epstopdf)                    size: 32372 bytes
(epstopdf)             Command: <epstopdf --outfile=MatExp6220W2-eps-converted-
to.pdf MatExp6220W2.eps>
(epstopdf)             \includegraphics on input line 34.
Package epstopdf Info: Output file is already uptodate.
<MatExp6220W2-eps-converted-to.pdf, id=319, pagebox=cropbox, 348.30125pt x 159.
59625pt>
File: MatExp6220W2-eps-converted-to.pdf Graphic file (type pdf)
<use MatExp6220W2-eps-converted-to.pdf>
Package pdftex.def Info: MatExp6220W2-eps-converted-to.pdf  used on input line 
34. on input line 34.
Package pdftex.def Info: Requested size: 374.43962pt x 171.58208pt on input lin
e 34.


LaTeX Warning: `!h' float specifier changed to `!ht'.


LaTeX Warning: `!h' float specifier changed to `!ht'.


LaTeX Warning: `!h' float specifier changed to `!ht'.


LaTeX Warning: `!h' float specifier changed to `!ht'.

) (AzcueMWscale.tex [12]
Package epstopdf Info: Source file: <AzcueMW.eps>
(epstopdf)                    date: 2020-09-15 20:03:23
(epstopdf)                    size: 53318 bytes
(epstopdf)             Output file: <AzcueMW-eps-converted-to.pdf>
(epstopdf)                    date: 2020-09-18 15:29:39
(epstopdf)                    size: 25597 bytes
(epstopdf)             Command: <epstopdf --outfile=AzcueMW-eps-converted-to.pd
f AzcueMW.eps>
(epstopdf)             \includegraphics on input line 16.
Package epstopdf Info: Output file is already uptodate.
<AzcueMW-eps-converted-to.pdf, id=326, pagebox=cropbox, 348.30125pt x 160.6pt>
File: AzcueMW-eps-converted-to.pdf Graphic file (type pdf)
<use AzcueMW-eps-converted-to.pdf>
Package pdftex.def Info: AzcueMW-eps-converted-to.pdf  used on input line 16. o
n input line 16.
Package pdftex.def Info: Requested size: 374.43962pt x 172.66122pt on input lin
e 16.
Package epstopdf Info: Source file: <AzcueMW1.eps>
(epstopdf)                    date: 2020-09-15 20:03:24
(epstopdf)                    size: 69752 bytes
(epstopdf)             Output file: <AzcueMW1-eps-converted-to.pdf>
(epstopdf)                    date: 2020-09-18 15:29:48
(epstopdf)                    size: 33300 bytes
(epstopdf)             Command: <epstopdf --outfile=AzcueMW1-eps-converted-to.p
df AzcueMW1.eps>
(epstopdf)             \includegraphics on input line 23.
Package epstopdf Info: Output file is already uptodate.
<AzcueMW1-eps-converted-to.pdf, id=327, pagebox=cropbox, 347.2975pt x 154.5775p
t>
File: AzcueMW1-eps-converted-to.pdf Graphic file (type pdf)
<use AzcueMW1-eps-converted-to.pdf>
Package pdftex.def Info: AzcueMW1-eps-converted-to.pdf  used on input line 23. 
on input line 23.
Package pdftex.def Info: Requested size: 374.43962pt x 166.66522pt on input lin
e 23.
Package epstopdf Info: Source file: <AzcueMW2.eps>
(epstopdf)                    date: 2020-09-15 20:03:26
(epstopdf)                    size: 69144 bytes
(epstopdf)             Output file: <AzcueMW2-eps-converted-to.pdf>
(epstopdf)                    date: 2020-09-18 15:30:00
(epstopdf)                    size: 34106 bytes
(epstopdf)             Command: <epstopdf --outfile=AzcueMW2-eps-converted-to.p
df AzcueMW2.eps>
(epstopdf)             \includegraphics on input line 30.
Package epstopdf Info: Output file is already uptodate.
<AzcueMW2-eps-converted-to.pdf, id=328, pagebox=cropbox, 346.29375pt x 143.5362
5pt>
File: AzcueMW2-eps-converted-to.pdf Graphic file (type pdf)
<use AzcueMW2-eps-converted-to.pdf>
Package pdftex.def Info: AzcueMW2-eps-converted-to.pdf  used on input line 30. 
on input line 30.
Package pdftex.def Info: Requested size: 374.43962pt x 155.20737pt on input lin
e 30.


LaTeX Warning: `!h' float specifier changed to `!ht'.


LaTeX Warning: `!h' float specifier changed to `!ht'.

) (MatExpCosWscale.tex [13] [14 <./MatExp6220W-eps-converted-to.pdf> <./MatExp6
220W1-eps-converted-to.pdf> <./MatExp6220W2-eps-converted-to.pdf>]
Package epstopdf Info: Source file: <MatExpCosW.eps>
(epstopdf)                    date: 2020-09-17 20:22:25
(epstopdf)                    size: 54791 bytes
(epstopdf)             Output file: <MatExpCosW-eps-converted-to.pdf>
(epstopdf)                    date: 2020-09-18 15:30:08
(epstopdf)                    size: 27827 bytes
(epstopdf)             Command: <epstopdf --outfile=MatExpCosW-eps-converted-to
.pdf MatExpCosW.eps>
(epstopdf)             \includegraphics on input line 26.
Package epstopdf Info: Output file is already uptodate.
<MatExpCosW-eps-converted-to.pdf, id=383, pagebox=cropbox, 348.30125pt x 160.6p
t>
File: MatExpCosW-eps-converted-to.pdf Graphic file (type pdf)
<use MatExpCosW-eps-converted-to.pdf>
Package pdftex.def Info: MatExpCosW-eps-converted-to.pdf  used on input line 26
. on input line 26.
Package pdftex.def Info: Requested size: 374.43962pt x 172.66122pt on input lin
e 26.
Package epstopdf Info: Source file: <MatExpCosW1.eps>
(epstopdf)                    date: 2020-09-17 20:22:26
(epstopdf)                    size: 80283 bytes
(epstopdf)             Output file: <MatExpCosW1-eps-converted-to.pdf>
(epstopdf)                    date: 2020-09-18 15:30:15
(epstopdf)                    size: 35913 bytes
(epstopdf)             Command: <epstopdf --outfile=MatExpCosW1-eps-converted-t
o.pdf MatExpCosW1.eps>
(epstopdf)             \includegraphics on input line 33.
Package epstopdf Info: Output file is already uptodate.
<MatExpCosW1-eps-converted-to.pdf, id=384, pagebox=cropbox, 348.30125pt x 157.5
8875pt>
File: MatExpCosW1-eps-converted-to.pdf Graphic file (type pdf)
<use MatExpCosW1-eps-converted-to.pdf>
Package pdftex.def Info: MatExpCosW1-eps-converted-to.pdf  used on input line 3
3. on input line 33.
Package pdftex.def Info: Requested size: 374.43962pt x 169.42381pt on input lin
e 33.
Package epstopdf Info: Source file: <MatExpCosW2.eps>
(epstopdf)                    date: 2020-09-17 20:22:28
(epstopdf)                    size: 90106 bytes
(epstopdf)             Output file: <MatExpCosW2-eps-converted-to.pdf>
(epstopdf)                    date: 2020-09-18 15:30:22
(epstopdf)                    size: 40169 bytes
(epstopdf)             Command: <epstopdf --outfile=MatExpCosW2-eps-converted-t
o.pdf MatExpCosW2.eps>
(epstopdf)             \includegraphics on input line 40.
Package epstopdf Info: Output file is already uptodate.
<MatExpCosW2-eps-converted-to.pdf, id=385, pagebox=cropbox, 347.2975pt x 149.55
875pt>
File: MatExpCosW2-eps-converted-to.pdf Graphic file (type pdf)
<use MatExpCosW2-eps-converted-to.pdf>
Package pdftex.def Info: MatExpCosW2-eps-converted-to.pdf  used on input line 4
0. on input line 40.
Package pdftex.def Info: Requested size: 374.43962pt x 161.25403pt on input lin
e 40.


LaTeX Warning: `!h' float specifier changed to `!ht'.


LaTeX Warning: `!h' float specifier changed to `!ht'.

) (dan2D.tex

LaTeX Warning: Citation `Gaj' on page 15 undefined on input line 1.


Package hyperref Warning: Token not allowed in a PDF string (PDFDocEncoding):
(hyperref)                removing `\@ifnextchar' on input line 1.


LaTeX Warning: Citation `Gaj' on page 15 undefined on input line 2.

[15] [16 <./AzcueMW-eps-converted-to.pdf> <./AzcueMW1-eps-converted-to.pdf> <./
AzcueMW2-eps-converted-to.pdf>]

LaTeX Warning: Citation `Gaj' on page 17 undefined on input line 7.


LaTeX Warning: Citation `Gaj' on page 17 undefined on input line 7.

[17 <./MatExpCosW-eps-converted-to.pdf> <./MatExpCosW1-eps-converted-to.pdf> <.
/MatExpCosW2-eps-converted-to.pdf>]

LaTeX Warning: Citation `Gaj' on page 18 undefined on input line 10.


LaTeX Warning: Citation `Gaj' on page 18 undefined on input line 12.


LaTeX Warning: Citation `Gaj' on page 18 undefined on input line 14.


LaTeX Warning: Citation `Gaj' on page 18 undefined on input line 18.

[18]

LaTeX Warning: Reference `s:me' on page 19 undefined on input line 52.


LaTeX Warning: Citation `Gaj' on page 19 undefined on input line 55.


LaTeX Warning: Citation `Gaj' on page 19 undefined on input line 72.


LaTeX Warning: Citation `Gaj' on page 19 undefined on input line 95.


LaTeX Warning: Citation `Gaj' on page 19 undefined on input line 95.

[19]

LaTeX Warning: Citation `corless1996lambertw' on page 20 undefined on input lin
e 123.


LaTeX Warning: Citation `boyd1998global' on page 20 undefined on input line 123
.


LaTeX Warning: Citation `brito2008euler' on page 20 undefined on input line 123
.


LaTeX Warning: Citation `vazquez2019psem' on page 20 undefined on input line 12
3.

[20]) (APH1.bbl [21])
Package atveryend Info: Empty hook `BeforeClearDocument' on input line 234.
 [22]
Package atveryend Info: Empty hook `AfterLastShipout' on input line 234.
 (APH1.aux)
Package atveryend Info: Executing hook `AtVeryEndDocument' on input line 234.
Package atveryend Info: Executing hook `AtEndAfterFileList' on input line 234.
Package rerunfilecheck Info: File `APH1.out' has not changed.
(rerunfilecheck)             Checksum: 9DFDD629A2C65B8C33E37FD26141B412;1185.


LaTeX Warning: There were undefined references.


LaTeX Warning: Label(s) may have changed. Rerun to get cross-references right.

Package atveryend Info: Empty hook `AtVeryVeryEnd' on input line 234.
 ) 
Here is how much of TeX's memory you used:
 9394 strings out of 493312
 131531 string characters out of 3138908
 260821 words of memory out of 3000000
 12598 multiletter control sequences out of 15000+200000
 26261 words of font info for 71 fonts, out of 3000000 for 9000
 1141 hyphenation exceptions out of 8191
 42i,28n,45p,911b,599s stack positions out of 5000i,500n,10000p,200000b,50000s
 <C:\Users\UJ\AppData\Local\MiKTeX\2.9\fonts\pk\ljfour\jknappen\ec\dpi600\ect
i0900.pk> <C:\Users\UJ\AppData\Local\MiKTeX\2.9\fonts\pk\ljfour\jknappen\ec\dpi
600\ecrm0800.pk> <C:\Users\UJ\AppData\Local\MiKTeX\2.9\fonts\pk\ljfour\jknappen
\ec\dpi600\ecrm0600.pk> <C:\Users\UJ\AppData\Local\MiKTeX\2.9\fonts\pk\ljfour\j
knappen\ec\dpi600\ecbx1200.pk> <C:\Users\UJ\AppData\Local\MiKTeX\2.9\fonts\pk\l
jfour\jknappen\ec\dpi600\ecrm0700.pk> <C:\Users\UJ\AppData\Local\MiKTeX\2.9\fon
ts\pk\ljfour\jknappen\ec\dpi600\ecti1000.pk> <C:\Users\UJ\AppData\Local\MiKTeX\
2.9\fonts\pk\ljfour\jknappen\ec\dpi600\ecrm1000.pk> <C:\Users\UJ\AppData\Local\
MiKTeX\2.9\fonts\pk\ljfour\jknappen\ec\dpi600\ecbx1000.pk> <C:\Users\UJ\AppData
\Local\MiKTeX\2.9\fonts\pk\ljfour\jknappen\ec\dpi600\ecbx1440.pk> <C:\Users\UJ\
AppData\Local\MiKTeX\2.9\fonts\pk\ljfour\jknappen\ec\dpi600\ecrm0900.pk> <C:\Us
ers\UJ\AppData\Local\MiKTeX\2.9\fonts\pk\ljfour\jknappen\ec\dpi600\ecbx0900.pk>
 <C:\Users\UJ\AppData\Local\MiKTeX\2.9\fonts\pk\ljfour\jknappen\ec\dpi600\ecrm1
200.pk> <C:\Users\UJ\AppData\Local\MiKTeX\2.9\fonts\pk\ljfour\jknappen\ec\dpi60
0\ecrm1728.pk><C:/Program Files/MiKTeX 2.9/fonts/type1/public/amsfonts/cm/cmbx1
0.pfb><C:/Program Files/MiKTeX 2.9/fonts/type1/public/amsfonts/cm/cmex10.pfb><C
:/Program Files/MiKTeX 2.9/fonts/type1/public/amsfonts/cmextra/cmex7.pfb><C:/Pr
ogram Files/MiKTeX 2.9/fonts/type1/public/amsfonts/cm/cmmi10.pfb><C:/Program Fi
les/MiKTeX 2.9/fonts/type1/public/amsfonts/cm/cmmi12.pfb><C:/Program Files/MiKT
eX 2.9/fonts/type1/public/amsfonts/cm/cmmi5.pfb><C:/Program Files/MiKTeX 2.9/fo
nts/type1/public/amsfonts/cm/cmmi6.pfb><C:/Program Files/MiKTeX 2.9/fonts/type1
/public/amsfonts/cm/cmmi7.pfb><C:/Program Files/MiKTeX 2.9/fonts/type1/public/a
msfonts/cm/cmmi8.pfb><C:/Program Files/MiKTeX 2.9/fonts/type1/public/amsfonts/c
m/cmmi9.pfb><C:/Program Files/MiKTeX 2.9/fonts/type1/public/amsfonts/cm/cmr10.p
fb><C:/Program Files/MiKTeX 2.9/fonts/type1/public/amsfonts/cm/cmr12.pfb><C:/Pr
ogram Files/MiKTeX 2.9/fonts/type1/public/amsfonts/cm/cmr5.pfb><C:/Program File
s/MiKTeX 2.9/fonts/type1/public/amsfonts/cm/cmr6.pfb><C:/Program Files/MiKTeX 2
.9/fonts/type1/public/amsfonts/cm/cmr7.pfb><C:/Program Files/MiKTeX 2.9/fonts/t
ype1/public/amsfonts/cm/cmr8.pfb><C:/Program Files/MiKTeX 2.9/fonts/type1/publi
c/amsfonts/cm/cmr9.pfb><C:/Program Files/MiKTeX 2.9/fonts/type1/public/amsfonts
/cm/cmsy10.pfb><C:/Program Files/MiKTeX 2.9/fonts/type1/public/amsfonts/cm/cmsy
5.pfb><C:/Program Files/MiKTeX 2.9/fonts/type1/public/amsfonts/cm/cmsy6.pfb><C:
/Program Files/MiKTeX 2.9/fonts/type1/public/amsfonts/cm/cmsy7.pfb><C:/Program 
Files/MiKTeX 2.9/fonts/type1/public/amsfonts/symbols/msbm10.pfb>
Output written on APH1.pdf (22 pages, 984858 bytes).
PDF statistics:
 1275 PDF objects out of 1440 (max. 8388607)
 149 named destinations out of 1000 (max. 500000)
 177 words of extra memory for PDF output out of 10000 (max. 10000000)

